e:\gobangv1\debug\gobangv1.bsc
e:\gobangv1\gobangv1\debug\gobangv1.pch
e:\gobangv1\gobangv1\debug\vc120.pdb
e:\gobangv1\gobangv1\debug\vc120.idb
e:\gobangv1\gobangv1\debug\stdafx.obj
e:\gobangv1\gobangv1\debug\stdafx.sbr
e:\gobangv1\gobangv1\debug\gobangv1.obj
e:\gobangv1\gobangv1\debug\display.obj
e:\gobangv1\gobangv1\debug\gobangv1.sbr
e:\gobangv1\gobangv1\debug\controller.sbr
e:\gobangv1\gobangv1\debug\controller.obj
e:\gobangv1\gobangv1\debug\humanplayer.obj
e:\gobangv1\gobangv1\debug\chesspad.sbr
e:\gobangv1\gobangv1\debug\chesspad.obj
e:\gobangv1\gobangv1\debug\judge.obj
e:\gobangv1\gobangv1\debug\ai.obj
e:\gobangv1\gobangv1\debug\pcplayer.obj
e:\gobangv1\gobangv1\debug\pcbrain.obj
e:\gobangv1\gobangv1\debug\banning.obj
e:\gobangv1\gobangv1\debug\pcplayer.sbr
e:\gobangv1\gobangv1\debug\judge.sbr
e:\gobangv1\gobangv1\debug\humanplayer.sbr
e:\gobangv1\gobangv1\debug\pcbrain.sbr
e:\gobangv1\gobangv1\debug\banning.sbr
e:\gobangv1\gobangv1\debug\main.sbr
e:\gobangv1\gobangv1\debug\main.obj
e:\gobangv1\debug\gobangv1.ilk
e:\gobangv1\debug\gobangv1.exe
e:\gobangv1\debug\gobangv1.pdb
e:\gobangv1\gobangv1\debug\gobang-chenpengyong.pch
e:\gobangv1\gobangv1\debug\gobang-cpy.pch
e:\gobangv1\gobangv1\debug\gobangv1.tlog\bscmake.command.1.tlog
e:\gobangv1\gobangv1\debug\gobangv1.tlog\bscmake.read.1.tlog
e:\gobangv1\gobangv1\debug\gobangv1.tlog\bscmake.write.1.tlog
e:\gobangv1\gobangv1\debug\gobangv1.tlog\cl.command.1.tlog
e:\gobangv1\gobangv1\debug\gobangv1.tlog\cl.read.1.tlog
e:\gobangv1\gobangv1\debug\gobangv1.tlog\cl.write.1.tlog
e:\gobangv1\gobangv1\debug\gobangv1.tlog\link.command.1.tlog
e:\gobangv1\gobangv1\debug\gobangv1.tlog\link.read.1.tlog
e:\gobangv1\gobangv1\debug\gobangv1.tlog\link.write.1.tlog
